* using log directory 'E:/Users/Brahm/Documents/Google Drive/scripts/R/brahm.Rcheck'
* using R version 3.2.4 Revised (2016-03-16 r70336)
* using platform: x86_64-w64-mingw32 (64-bit)
* using session charset: ISO8859-1
* checking for file 'brahm/DESCRIPTION' ... OK
* checking extension type ... Package
* this is package 'brahm' version '0.1.0'
* checking package namespace information ... OK
* checking package dependencies ... OK
* checking if this is a source package ... OK
* checking if there is a namespace ... OK
* checking for executable files ... OK
* checking for hidden files and directories ... OK
* checking for portable file names ... OK
* checking whether package 'brahm' can be installed ... WARNING
Found the following significant warnings:
  Warning: package 'plotrix' was built under R version 3.2.5
See 'E:/Users/Brahm/Documents/Google Drive/scripts/R/brahm.Rcheck/00install.out' for details.
* checking installed package size ... OK
* checking package directory ... OK
* checking DESCRIPTION meta-information ... NOTE
Malformed Description field: should contain one or more complete sentences.
Non-standard license specification:
  What license is it under?
Standardizable: FALSE
* checking top-level files ... OK
* checking for left-over files ... OK
* checking index information ... OK
* checking package subdirectories ... OK
* checking R files for non-ASCII characters ... OK
* checking R files for syntax errors ... OK
* checking whether the package can be loaded ... OK
* checking whether the package can be loaded with stated dependencies ... OK
* checking whether the package can be unloaded cleanly ... OK
* checking whether the namespace can be loaded with stated dependencies ... OK
* checking whether the namespace can be unloaded cleanly ... OK
* checking loading without being on the library search path ... OK
* checking dependencies in R code ... OK
* checking S3 generic/method consistency ... OK
* checking replacement functions ... OK
* checking foreign function calls ... OK
* checking R code for possible problems ... NOTE
make_reggraph: no visible binding for global variable 'x'
make_reggraph: no visible global function definition for 'ablineclip'
read_spectramax: no visible global function definition for 'read.xlsx'
read_tecan: no visible global function definition for 'read.xlsx'
regression_loop: no visible binding for global variable 'x'
* checking for missing documentation entries ... WARNING
Undocumented code objects:
  'make_reggraph' 'read_rosetta_score' 'read_spectramax' 'read_tecan'
  'regression_loop' 'ros_plot' 'score_plot'
All user-level objects in a package should have documentation entries.
See chapter 'Writing R documentation files' in the 'Writing R
Extensions' manual.
* checking examples ... NONE
* checking PDF version of manual ... WARNING
LaTeX errors when creating PDF version.
This typically indicates Rd problems.
* checking PDF version of manual without hyperrefs or index ... ERROR
Re-running with no redirection of stdout/stderr.
* DONE
Status: 1 ERROR, 3 WARNINGs, 2 NOTEs
